<?xml version="1.0" encoding="UTF-8"?>
<!-- Generated by org.testng.reporters.JUnitReportReporter -->
<testsuite hostname="DESKTOP-QSLLPBF" failures="0" tests="3" name="com.amazon.qa.testcases.LoginPageTestcase" time="23.431" errors="0" timestamp="12 Jun 2021 13:34:35 GMT" skipped="0">
  <testcase classname="com.amazon.qa.testcases.LoginPageTestcase" name="loginPageTitleTest" time="8.556"/>
  <testcase classname="com.amazon.qa.testcases.LoginPageTestcase" name="loginPageLogo" time="7.814"/>
  <testcase classname="com.amazon.qa.testcases.LoginPageTestcase" name="userLoginTest" time="7.061"/>
</testsuite> <!-- com.amazon.qa.testcases.LoginPageTestcase -->
